Trying to load common config
Trying to load client config
Config files are up to date, skipping data/asset generation
Loaded entity minecraft:zombie as entity.minecraft.zombie with weight 35, min day 0 and max day 20
Loaded entity minecraft:zombie_villager as entity.minecraft.zombie_villager with weight 1, min day 0 and max day 20
Loaded entity minecraft:zombie_horse as entity.minecraft.zombie_horse with weight 3, min day 20 and max day 40
Loaded entity minecraft:husk as entity.minecraft.husk with weight 40, min day 20 and max day 40
Loaded entity minecraft:drowned as entity.minecraft.drowned with weight 3, min day 30 and max day 40
Loaded entity minecraft:zoglin as entity.minecraft.zoglin with weight 3, min day 40 and max day 40
Loaded entity minecraft:zombified_piglin as entity.minecraft.zombified_piglin with weight 10, min day 40 and max day 0
Loaded entity minecraft:husk as entity.minecraft.husk with weight 25, min day 50 and max day 0
Loaded entity minecraft:zoglin as entity.minecraft.zoglin with weight 3, min day 50 and max day 0
Loaded entity minecraft:zombie_horse as entity.minecraft.zombie_horse with weight 3, min day 50 and max day 0
loaded horde table hordes:default
Loaded entity minecraft:drowned as entity.minecraft.drowned with weight 40, min day 0 and max day 20
Loaded entity minecraft:drowned as entity.minecraft.drowned with weight 3, min day 30 and max day 40
loaded horde table hordes:drowned
Loaded entity minecraft:zombie as entity.minecraft.zombie with weight 20, min day 0 and max day 20
Loaded entity minecraft:skeleton as entity.minecraft.skeleton with weight 10, min day 20 and max day 30
Loaded entity minecraft:spider as entity.minecraft.spider with weight 15, min day 20 and max day 30
Loaded entity minecraft:creeper as entity.minecraft.creeper with weight 5, min day 30 and max day 30
Loaded entity minecraft:husk as entity.minecraft.husk with weight 20, min day 30 and max day 50
Loaded entity minecraft:stray as entity.minecraft.stray with weight 10, min day 40 and max day 50
Loaded entity minecraft:cave_spider as entity.minecraft.cave_spider with weight 10, min day 40 and max day 50
Loaded entity minecraft:witch as entity.minecraft.witch with weight 5, min day 40 and max day 50
Loaded entity minecraft:pillager as entity.minecraft.pillager with weight 10, min day 40 and max day 50
Loaded entity minecraft:zombified_piglin as entity.minecraft.zombified_piglin with weight 10, min day 40 and max day 50
Loaded entity minecraft:zombie_horse as entity.minecraft.zombie_horse with weight 3, min day 40 and max day 50
Loaded entity minecraft:wither_skeleton as entity.minecraft.wither_skeleton with weight 10, min day 50 and max day 0
Loaded entity minecraft:phantom as entity.minecraft.phantom with weight 5, min day 50 and max day 50
Loaded entity minecraft:vindicator as entity.minecraft.vindicator with weight 10, min day 50 and max day 50
Loaded entity minecraft:zoglin as entity.minecraft.zoglin with weight 5, min day 40 and max day 40
Loaded entity minecraft:ravager as entity.minecraft.ravager with weight 5, min day 50 and max day 50
Loaded entity minecraft:evoker as entity.minecraft.evoker with weight 5, min day 50 and max day 50
Loaded entity minecraft:piglin_brute as entity.minecraft.piglin_brute with weight 10, min day 60 and max day 0
Loaded entity minecraft:cave_spider as entity.minecraft.cave_spider with weight 15, min day 60 and max day 0
Loaded entity minecraft:zombie_horse as entity.minecraft.zombie_horse with weight 5, min day 60 and max day 0
Loaded entity minecraft:ravager as entity.minecraft.ravager with weight 3, min day 60 and max day 0
Loaded entity minecraft:phantom as entity.minecraft.phantom with weight 3, min day 60 and max day 0
loaded horde table hordes:mixed_mobs
Loaded entity minecraft:pillager as entity.minecraft.pillager with weight 15, min day 0 and max day 0
Loaded entity minecraft:vindicator as entity.minecraft.vindicator with weight 10, min day 0 and max day 0
Loaded entity minecraft:witch as entity.minecraft.witch with weight 5, min day 20 and max day 0
Loaded entity minecraft:ravager as entity.minecraft.ravager with weight 5, min day 30 and max day 40
Loaded entity minecraft:evoker as entity.minecraft.evoker with weight 3, min day 40 and max day 40
Loaded entity minecraft:illusioner as entity.minecraft.illusioner with weight 5, min day 50 and max day 0
Loaded entity minecraft:ravager as entity.minecraft.ravager with weight 3, min day 50 and max day 0
Loaded entity minecraft:ravager as entity.minecraft.ravager with weight 5, min day 50 and max day 0
loaded horde table hordes:illagers
Loaded entity minecraft:skeleton as entity.minecraft.skeleton with weight 10, min day 0 and max day 20
Loaded entity minecraft:skeleton as entity.minecraft.skeleton with weight 20, min day 0 and max day 30
Loaded entity minecraft:skeleton_horse as entity.minecraft.skeleton_horse with weight 5, min day 20 and max day 50
Loaded entity minecraft:stray as entity.minecraft.stray with weight 10, min day 20 and max day 0
Loaded entity minecraft:wither_skeleton as entity.minecraft.wither_skeleton with weight 10, min day 40 and max day 0
Loaded entity minecraft:skeleton_horse as entity.minecraft.skeleton_horse with weight 5, min day 40 and max day 0
loaded horde table hordes:skeletons
Loaded entity minecraft:zombie as entity.minecraft.zombie with weight 30, min day 0 and max day 0
loaded horde table hordes:fallback
loaded horde script hordes:default
Loading conversion tables
Loading conversion table hordes:infection_conversions
Loaded conversion entity.minecraft.horse to entity.minecraft.zombie_horse with chance of 0.65
Loaded conversion entity.minecraft.piglin to entity.minecraft.zombified_piglin with chance of 0.75
Loaded conversion entity.minecraft.piglin_brute to entity.minecraft.zombified_piglin{Attributes:[{Base:50.0f,Name:"generic.max_health"}],chat_name:"entity.hordes.ZombifiedPiglinBrute.name",texture:"hordes:textures/entity/zombified_piglin_brute.png"} with chance of 0.35
Loaded conversion entity.minecraft.hoglin to entity.minecraft.zoglin with chance of 0.15
Loaded conversion entity.minecraft.wandering_trader to entity.minecraft.zombie_villager{VillagerData:{type:"none"},chat_name:"entity.hordes.ZombieWanderingTrader.name",texture:"hordes:textures/entity/zombie_wandering_trader.png"} with chance of 0.75
Loaded conversion entity.minecraft.pillager to entity.minecraft.zombie_villager{Attributes:[{Base:24.0f,Name:"generic.max_health"}],VillagerData:{type:"none"},chat_name:"entity.hordes.ZombiePillager.name",texture:"hordes:textures/entity/zombie_pillager.png"} with chance of 0.75
Loaded conversion entity.minecraft.vindicator to entity.minecraft.zombie_villager{Attributes:[{Base:24.0f,Name:"generic.max_health"}],VillagerData:{type:"none"},chat_name:"entity.hordes.ZombieVindicator.name",texture:"hordes:textures/entity/zombie_vindicator.png"} with chance of 0.35
Loaded conversion entity.minecraft.evoker to entity.minecraft.zombie_villager{Attributes:[{Base:24.0f,Name:"generic.max_health"}],VillagerData:{type:"none"},chat_name:"entity.hordes.ZombieEvoker.name",texture:"hordes:textures/entity/zombie_evoker.png"} with chance of 0.5
Loaded conversion entity.minecraft.illusioner to entity.minecraft.zombie_villager{Attributes:[{Base:32.0f,Name:"generic.max_health"}],VillagerData:{type:"none"},chat_name:"entity.hordes.ZombieIllusioner.name",texture:"hordes:textures/entity/zombie_illusioner.png"} with chance of 0.15
Loaded conversion entity.minecraft.witch to entity.minecraft.zombie_villager{Attributes:[{Base:26.0f,Name:"generic.max_health"}],VillagerData:{type:"none"},chat_name:"entity.hordes.ZombieWitch.name",texture:"hordes:textures/entity/zombie_witch.png"} with chance of 0.25
Loading immunity item list
Loading immunity item list hordes:immunity_items
Loaded immunity item minecraft:enchanted_golden_apple with duration 150
Loading wearables protection list
Loading wearables protection list hordes:immune_wearables
Loaded wearable protection minecraft:leather_boots with modifier 0.95
Loaded wearable protection minecraft:leather_leggings with modifier 0.95
Loaded wearable protection minecraft:leather_chestplate with modifier 0.95
Loaded wearable protection minecraft:leather_helmet with modifier 0.95
Loaded wearable protection minecraft:chainmail_boots with modifier 0.95
Loaded wearable protection minecraft:chainmail_leggings with modifier 0.95
Loaded wearable protection minecraft:chainmail_chestplate with modifier 0.95
Loaded wearable protection minecraft:chainmail_helmet with modifier 0.95
Loaded wearable protection minecraft:iron_boots with modifier 0.9
Loaded wearable protection minecraft:iron_leggings with modifier 0.9
Loaded wearable protection minecraft:iron_chestplate with modifier 0.9
Loaded wearable protection minecraft:iron_helmet with modifier 0.9
Loaded wearable protection minecraft:golden_boots with modifier 0.9
Loaded wearable protection minecraft:golden_leggings with modifier 0.9
Loaded wearable protection minecraft:golden_chestplate with modifier 0.9
Loaded wearable protection minecraft:golden_helmet with modifier 0.9
Loaded wearable protection minecraft:diamond_boots with modifier 0.86
Loaded wearable protection minecraft:diamond_leggings with modifier 0.86
Loaded wearable protection minecraft:diamond_chestplate with modifier 0.86
Loaded wearable protection minecraft:diamond_helmet with modifier 0.86
Loaded wearable protection minecraft:netherite_boots with modifier 0.82
Loaded wearable protection minecraft:netherite_leggings with modifier 0.82
Loaded wearable protection minecraft:netherite_chestplate with modifier 0.82
Loaded wearable protection minecraft:netherite_helmet with modifier 0.82
Loaded wearable protection minecraft:turtle_helmet with modifier 0.75
Adding entry HordeSpawnEntry[type=entity.minecraft.zombified_piglin,weight=10,minDay=40,maxDay=0] to hordespawn on day 140
Adding entry HordeSpawnEntry[type=entity.minecraft.husk,weight=25,minDay=50,maxDay=0] to hordespawn on day 140
Adding entry HordeSpawnEntry[type=entity.minecraft.zoglin,weight=3,minDay=50,maxDay=0]{{Passengers:[{HandItems:[{Count:1,id:"trident"}],id:"drowned"}]}} to hordespawn on day 140
Adding entry HordeSpawnEntry[type=entity.minecraft.zombie_horse,weight=3,minDay=50,maxDay=0]{{Passengers:[{HandItems:[{Count:1,id:"trident"}],id:"drowned"}]}} to hordespawn on day 140
Adding entry HordeSpawnEntry[type=entity.minecraft.zombified_piglin,weight=10,minDay=40,maxDay=0] to hordespawn on day 140
Adding entry HordeSpawnEntry[type=entity.minecraft.husk,weight=25,minDay=50,maxDay=0] to hordespawn on day 140
Adding entry HordeSpawnEntry[type=entity.minecraft.zoglin,weight=3,minDay=50,maxDay=0]{{Passengers:[{HandItems:[{Count:1,id:"trident"}],id:"drowned"}],id:"minecraft:zoglin"}} to hordespawn on day 140
Adding entry HordeSpawnEntry[type=entity.minecraft.zombie_horse,weight=3,minDay=50,maxDay=0]{{AbsorptionAmount:0.0f,Age:0,ArmorDropChances:[0.085f,0.085f,0.085f,0.085f],ArmorItems:[{},{},{},{}],Attributes:[{Base:0.7917254243113082d,Name:"minecraft:horse.jump_strength"},{Base:35.0d,Modifiers:[{Amount:0.002927953143786903d,Name:"Random spawn bonus",Operation:1,UUID:[I;2037629406,848513628,-1908535785,-1577832761]}],Name:"minecraft:generic.follow_range"}],Brain:{memories:{}},Bred:0b,CanPickUpLoot:0b,CitadelData:{},ConversionTime:-1,DeathTime:0s,EatingHaystack:0b,FallFlying:0b,ForcedAge:0,HandDropChances:[0.085f,0.085f],HandItems:[{},{}],Health:15.0f,HurtByTimestamp:0,HurtTime:0s,InLove:0,LeftHanded:0b,Passengers:[{HandItems:[{Count:1,id:"trident"}],id:"drowned"}],PersistenceRequired:0b,Tame:0b,Temper:0,id:"minecraft:zombie_horse"}} to hordespawn on day 140
[net.smileycorp.hordes.hordeevent.capability.HordeEvent@69158950]Can't spawn wave because max cap has been reached
Adding entry HordeSpawnEntry[type=entity.minecraft.zombified_piglin,weight=10,minDay=40,maxDay=0] to hordespawn on day 140
Adding entry HordeSpawnEntry[type=entity.minecraft.husk,weight=25,minDay=50,maxDay=0] to hordespawn on day 140
Adding entry HordeSpawnEntry[type=entity.minecraft.zoglin,weight=3,minDay=50,maxDay=0]{{Passengers:[{HandItems:[{Count:1,id:"trident"}],id:"drowned"}],id:"minecraft:zoglin"}} to hordespawn on day 140
Adding entry HordeSpawnEntry[type=entity.minecraft.zombie_horse,weight=3,minDay=50,maxDay=0]{{AbsorptionAmount:0.0f,Age:0,ArmorDropChances:[0.085f,0.085f,0.085f,0.085f],ArmorItems:[{},{},{},{}],Attributes:[{Base:0.7118742451224251d,Name:"minecraft:horse.jump_strength"},{Base:35.0d,Modifiers:[{Amount:0.030071369647058494d,Name:"Random spawn bonus",Operation:1,UUID:[I;-1239182409,-1511830276,-1591952157,681580717]}],Name:"minecraft:generic.follow_range"}],Brain:{memories:{}},Bred:0b,CanPickUpLoot:0b,CitadelData:{},ConversionTime:-1,DeathTime:0s,EatingHaystack:0b,FallFlying:0b,ForcedAge:0,HandDropChances:[0.085f,0.085f],HandItems:[{},{}],Health:15.0f,HurtByTimestamp:0,HurtTime:0s,InLove:0,LeftHanded:0b,Passengers:[{HandItems:[{Count:1,id:"trident"}],id:"drowned"}],PersistenceRequired:0b,Tame:0b,Temper:0,id:"minecraft:zombie_horse"}} to hordespawn on day 140
[net.smileycorp.hordes.hordeevent.capability.HordeEvent@69158950]Can't spawn wave because max cap has been reached
Adding entry HordeSpawnEntry[type=entity.minecraft.zombified_piglin,weight=10,minDay=40,maxDay=0] to hordespawn on day 140
Adding entry HordeSpawnEntry[type=entity.minecraft.husk,weight=25,minDay=50,maxDay=0] to hordespawn on day 140
Adding entry HordeSpawnEntry[type=entity.minecraft.zoglin,weight=3,minDay=50,maxDay=0]{{Passengers:[{HandItems:[{Count:1,id:"trident"}],id:"drowned"}],id:"minecraft:zoglin"}} to hordespawn on day 140
Adding entry HordeSpawnEntry[type=entity.minecraft.zombie_horse,weight=3,minDay=50,maxDay=0]{{AbsorptionAmount:0.0f,Age:0,ArmorDropChances:[0.085f,0.085f,0.085f,0.085f],ArmorItems:[{},{},{},{}],Attributes:[{Base:0.7510170707355204d,Name:"minecraft:horse.jump_strength"},{Base:35.0d,Modifiers:[{Amount:-0.026537740235301633d,Name:"Random spawn bonus",Operation:1,UUID:[I;-1851765233,995970039,-1174928854,-439846051]}],Name:"minecraft:generic.follow_range"}],Brain:{memories:{}},Bred:0b,CanPickUpLoot:0b,CitadelData:{},ConversionTime:-1,DeathTime:0s,EatingHaystack:0b,FallFlying:0b,ForcedAge:0,HandDropChances:[0.085f,0.085f],HandItems:[{},{}],Health:15.0f,HurtByTimestamp:0,HurtTime:0s,InLove:0,LeftHanded:0b,Passengers:[{HandItems:[{Count:1,id:"trident"}],id:"drowned"}],PersistenceRequired:0b,Tame:0b,Temper:0,id:"minecraft:zombie_horse"}} to hordespawn on day 140
[net.smileycorp.hordes.hordeevent.capability.HordeEvent@69158950]Can't spawn wave because max cap has been reached
Adding entry HordeSpawnEntry[type=entity.minecraft.zombified_piglin,weight=10,minDay=40,maxDay=0] to hordespawn on day 140
Adding entry HordeSpawnEntry[type=entity.minecraft.husk,weight=25,minDay=50,maxDay=0] to hordespawn on day 140
Adding entry HordeSpawnEntry[type=entity.minecraft.zoglin,weight=3,minDay=50,maxDay=0]{{Passengers:[{HandItems:[{Count:1,id:"trident"}],id:"drowned"}],id:"minecraft:zoglin"}} to hordespawn on day 140
Adding entry HordeSpawnEntry[type=entity.minecraft.zombie_horse,weight=3,minDay=50,maxDay=0]{{AbsorptionAmount:0.0f,Age:0,ArmorDropChances:[0.085f,0.085f,0.085f,0.085f],ArmorItems:[{},{},{},{}],Attributes:[{Base:0.8511169666997682d,Name:"minecraft:horse.jump_strength"},{Base:35.0d,Modifiers:[{Amount:0.010957354063555759d,Name:"Random spawn bonus",Operation:1,UUID:[I;-77638805,739001582,-2005132016,-1391882983]}],Name:"minecraft:generic.follow_range"}],Brain:{memories:{}},Bred:0b,CanPickUpLoot:0b,CitadelData:{},ConversionTime:-1,DeathTime:0s,EatingHaystack:0b,FallFlying:0b,ForcedAge:0,HandDropChances:[0.085f,0.085f],HandItems:[{},{}],Health:15.0f,HurtByTimestamp:0,HurtTime:0s,InLove:0,LeftHanded:0b,Passengers:[{HandItems:[{Count:1,id:"trident"}],id:"drowned"}],PersistenceRequired:0b,Tame:0b,Temper:0,id:"minecraft:zombie_horse"}} to hordespawn on day 140
[net.smileycorp.hordes.hordeevent.capability.HordeEvent@69158950]Can't spawn wave because max cap has been reached
[net.smileycorp.hordes.hordeevent.capability.HordeEvent@57b75a2]Trying to start horde event on day 150 with nextDay 150 and time 18000
Applying script hordes:default for event net.smileycorp.hordes.common.event.HordeBuildSpawnDataEvent@7dfec2b6
Adding entry HordeSpawnEntry[type=entity.minecraft.zombified_piglin,weight=10,minDay=40,maxDay=0] to hordespawn on day 120
Adding entry HordeSpawnEntry[type=entity.minecraft.husk,weight=25,minDay=50,maxDay=0] to hordespawn on day 120
Adding entry HordeSpawnEntry[type=entity.minecraft.zoglin,weight=3,minDay=50,maxDay=0]{{Passengers:[{HandItems:[{Count:1,id:"trident"}],id:"drowned"}],id:"minecraft:zoglin"}} to hordespawn on day 120
Adding entry HordeSpawnEntry[type=entity.minecraft.zombie_horse,weight=3,minDay=50,maxDay=0]{{AbsorptionAmount:0.0f,Age:0,ArmorDropChances:[0.085f,0.085f,0.085f,0.085f],ArmorItems:[{},{},{},{}],Attributes:[{Base:0.5580706866265308d,Name:"minecraft:horse.jump_strength"},{Base:35.0d,Modifiers:[{Amount:-0.036475153613052674d,Name:"Random spawn bonus",Operation:1,UUID:[I;-1771388094,-1150663266,-1358580391,-333501495]}],Name:"minecraft:generic.follow_range"}],Brain:{memories:{}},Bred:0b,CanPickUpLoot:0b,CitadelData:{},ConversionTime:-1,DeathTime:0s,EatingHaystack:0b,FallFlying:0b,ForcedAge:0,HandDropChances:[0.085f,0.085f],HandItems:[{},{}],Health:15.0f,HurtByTimestamp:0,HurtTime:0s,InLove:0,LeftHanded:0b,Passengers:[{HandItems:[{Count:1,id:"trident"}],id:"drowned"}],PersistenceRequired:0b,Tame:0b,Temper:0,id:"minecraft:zombie_horse"}} to hordespawn on day 120
Adding entry HordeSpawnEntry[type=entity.minecraft.zombified_piglin,weight=10,minDay=40,maxDay=0] to hordespawn on day 150
Adding entry HordeSpawnEntry[type=entity.minecraft.husk,weight=25,minDay=50,maxDay=0] to hordespawn on day 150
Adding entry HordeSpawnEntry[type=entity.minecraft.zoglin,weight=3,minDay=50,maxDay=0]{{Passengers:[{HandItems:[{Count:1,id:"trident"}],id:"drowned"}],id:"minecraft:zoglin"}} to hordespawn on day 150
Adding entry HordeSpawnEntry[type=entity.minecraft.zombie_horse,weight=3,minDay=50,maxDay=0]{{AbsorptionAmount:0.0f,Age:0,ArmorDropChances:[0.085f,0.085f,0.085f,0.085f],ArmorItems:[{},{},{},{}],Attributes:[{Base:0.5580706866265308d,Name:"minecraft:horse.jump_strength"},{Base:35.0d,Modifiers:[{Amount:-0.036475153613052674d,Name:"Random spawn bonus",Operation:1,UUID:[I;-1771388094,-1150663266,-1358580391,-333501495]}],Name:"minecraft:generic.follow_range"}],Brain:{memories:{}},Bred:0b,CanPickUpLoot:0b,CitadelData:{},ConversionTime:-1,DeathTime:0s,EatingHaystack:0b,FallFlying:0b,ForcedAge:0,HandDropChances:[0.085f,0.085f],HandItems:[{},{}],Health:15.0f,HurtByTimestamp:0,HurtTime:0s,InLove:0,LeftHanded:0b,Passengers:[{HandItems:[{Count:1,id:"trident"}],id:"drowned"}],PersistenceRequired:0b,Tame:0b,Temper:0,id:"minecraft:zombie_horse"}} to hordespawn on day 150
Adding entry HordeSpawnEntry[type=entity.minecraft.zombified_piglin,weight=10,minDay=40,maxDay=0] to hordespawn on day 150
Adding entry HordeSpawnEntry[type=entity.minecraft.husk,weight=25,minDay=50,maxDay=0] to hordespawn on day 150
Adding entry HordeSpawnEntry[type=entity.minecraft.zoglin,weight=3,minDay=50,maxDay=0]{{Passengers:[{HandItems:[{Count:1,id:"trident"}],id:"drowned"}],id:"minecraft:zoglin"}} to hordespawn on day 150
Adding entry HordeSpawnEntry[type=entity.minecraft.zombie_horse,weight=3,minDay=50,maxDay=0]{{AbsorptionAmount:0.0f,Age:0,ArmorDropChances:[0.085f,0.085f,0.085f,0.085f],ArmorItems:[{},{},{},{}],Attributes:[{Base:0.6975240007352532d,Name:"minecraft:horse.jump_strength"},{Base:35.0d,Modifiers:[{Amount:0.08019128522553137d,Name:"Random spawn bonus",Operation:1,UUID:[I;605909287,-1519762563,-1282182734,-2104539684]}],Name:"minecraft:generic.follow_range"}],Brain:{memories:{}},Bred:0b,CanPickUpLoot:0b,CitadelData:{},ConversionTime:-1,DeathTime:0s,EatingHaystack:0b,FallFlying:0b,ForcedAge:0,HandDropChances:[0.085f,0.085f],HandItems:[{},{}],Health:15.0f,HurtByTimestamp:0,HurtTime:0s,InLove:0,LeftHanded:0b,Passengers:[{HandItems:[{Count:1,id:"trident"}],id:"drowned"}],PersistenceRequired:0b,Tame:0b,Temper:0,id:"minecraft:zombie_horse"}} to hordespawn on day 150
Adding entry HordeSpawnEntry[type=entity.minecraft.zombified_piglin,weight=10,minDay=40,maxDay=0] to hordespawn on day 150
Adding entry HordeSpawnEntry[type=entity.minecraft.husk,weight=25,minDay=50,maxDay=0] to hordespawn on day 150
Adding entry HordeSpawnEntry[type=entity.minecraft.zoglin,weight=3,minDay=50,maxDay=0]{{Passengers:[{HandItems:[{Count:1,id:"trident"}],id:"drowned"}],id:"minecraft:zoglin"}} to hordespawn on day 150
Adding entry HordeSpawnEntry[type=entity.minecraft.zombie_horse,weight=3,minDay=50,maxDay=0]{{AbsorptionAmount:0.0f,Age:0,ArmorDropChances:[0.085f,0.085f,0.085f,0.085f],ArmorItems:[{},{},{},{}],Attributes:[{Base:0.6626940856707625d,Name:"minecraft:horse.jump_strength"},{Base:35.0d,Modifiers:[{Amount:-0.04044726046727642d,Name:"Random spawn bonus",Operation:1,UUID:[I;1508725927,-1745074915,-1261520647,177929189]}],Name:"minecraft:generic.follow_range"}],Brain:{memories:{}},Bred:0b,CanPickUpLoot:0b,CitadelData:{},ConversionTime:-1,DeathTime:0s,EatingHaystack:0b,FallFlying:0b,ForcedAge:0,HandDropChances:[0.085f,0.085f],HandItems:[{},{}],Health:15.0f,HurtByTimestamp:0,HurtTime:0s,InLove:0,LeftHanded:0b,Passengers:[{HandItems:[{Count:1,id:"trident"}],id:"drowned"}],PersistenceRequired:0b,Tame:0b,Temper:0,id:"minecraft:zombie_horse"}} to hordespawn on day 150
Adding entry HordeSpawnEntry[type=entity.minecraft.zombified_piglin,weight=10,minDay=40,maxDay=0] to hordespawn on day 150
Adding entry HordeSpawnEntry[type=entity.minecraft.husk,weight=25,minDay=50,maxDay=0] to hordespawn on day 150
Adding entry HordeSpawnEntry[type=entity.minecraft.zoglin,weight=3,minDay=50,maxDay=0]{{Passengers:[{HandItems:[{Count:1,id:"trident"}],id:"drowned"}],id:"minecraft:zoglin"}} to hordespawn on day 150
Adding entry HordeSpawnEntry[type=entity.minecraft.zombie_horse,weight=3,minDay=50,maxDay=0]{{AbsorptionAmount:0.0f,Age:0,ArmorDropChances:[0.085f,0.085f,0.085f,0.085f],ArmorItems:[{},{},{},{}],Attributes:[{Base:0.5796621617431456d,Name:"minecraft:horse.jump_strength"},{Base:35.0d,Modifiers:[{Amount:-0.06241776913137173d,Name:"Random spawn bonus",Operation:1,UUID:[I;-337133499,1438205798,-1272225858,-1340867434]}],Name:"minecraft:generic.follow_range"}],Brain:{memories:{}},Bred:0b,CanPickUpLoot:0b,CitadelData:{},ConversionTime:-1,DeathTime:0s,EatingHaystack:0b,FallFlying:0b,ForcedAge:0,HandDropChances:[0.085f,0.085f],HandItems:[{},{}],Health:15.0f,HurtByTimestamp:0,HurtTime:0s,InLove:0,LeftHanded:0b,Passengers:[{HandItems:[{Count:1,id:"trident"}],id:"drowned"}],PersistenceRequired:0b,Tame:0b,Temper:0,id:"minecraft:zombie_horse"}} to hordespawn on day 150
Adding entry HordeSpawnEntry[type=entity.minecraft.zombified_piglin,weight=10,minDay=40,maxDay=0] to hordespawn on day 150
Adding entry HordeSpawnEntry[type=entity.minecraft.husk,weight=25,minDay=50,maxDay=0] to hordespawn on day 150
Adding entry HordeSpawnEntry[type=entity.minecraft.zoglin,weight=3,minDay=50,maxDay=0]{{Passengers:[{HandItems:[{Count:1,id:"trident"}],id:"drowned"}],id:"minecraft:zoglin"}} to hordespawn on day 150
Adding entry HordeSpawnEntry[type=entity.minecraft.zombie_horse,weight=3,minDay=50,maxDay=0]{{AbsorptionAmount:0.0f,Age:0,ArmorDropChances:[0.085f,0.085f,0.085f,0.085f],ArmorItems:[{},{},{},{}],Attributes:[{Base:0.8240967009747037d,Name:"minecraft:horse.jump_strength"},{Base:35.0d,Modifiers:[{Amount:-0.03768984316076398d,Name:"Random spawn bonus",Operation:1,UUID:[I;-1986684922,1643988278,-1146704397,1007359482]}],Name:"minecraft:generic.follow_range"}],Brain:{memories:{}},Bred:0b,CanPickUpLoot:0b,CitadelData:{},ConversionTime:-1,DeathTime:0s,EatingHaystack:0b,FallFlying:0b,ForcedAge:0,HandDropChances:[0.085f,0.085f],HandItems:[{},{}],Health:15.0f,HurtByTimestamp:0,HurtTime:0s,InLove:0,LeftHanded:0b,Passengers:[{HandItems:[{Count:1,id:"trident"}],id:"drowned"}],PersistenceRequired:0b,Tame:0b,Temper:0,id:"minecraft:zombie_horse"}} to hordespawn on day 150
Adding entry HordeSpawnEntry[type=entity.minecraft.zombified_piglin,weight=10,minDay=40,maxDay=0] to hordespawn on day 150
Adding entry HordeSpawnEntry[type=entity.minecraft.husk,weight=25,minDay=50,maxDay=0] to hordespawn on day 150
Adding entry HordeSpawnEntry[type=entity.minecraft.zoglin,weight=3,minDay=50,maxDay=0]{{Passengers:[{HandItems:[{Count:1,id:"trident"}],id:"drowned"}],id:"minecraft:zoglin"}} to hordespawn on day 150
Adding entry HordeSpawnEntry[type=entity.minecraft.zombie_horse,weight=3,minDay=50,maxDay=0]{{AbsorptionAmount:0.0f,Age:0,ArmorDropChances:[0.085f,0.085f,0.085f,0.085f],ArmorItems:[{},{},{},{}],Attributes:[{Base:0.7403694265382129d,Name:"minecraft:horse.jump_strength"},{Base:35.0d,Modifiers:[{Amount:0.04006912649450626d,Name:"Random spawn bonus",Operation:1,UUID:[I;47391659,1239500887,-2105581615,-86855353]}],Name:"minecraft:generic.follow_range"}],Brain:{memories:{}},Bred:0b,CanPickUpLoot:0b,CitadelData:{},ConversionTime:-1,DeathTime:0s,EatingHaystack:0b,FallFlying:0b,ForcedAge:0,HandDropChances:[0.085f,0.085f],HandItems:[{},{}],Health:15.0f,HurtByTimestamp:0,HurtTime:0s,InLove:0,LeftHanded:0b,Passengers:[{HandItems:[{Count:1,id:"trident"}],id:"drowned"}],PersistenceRequired:0b,Tame:0b,Temper:0,id:"minecraft:zombie_horse"}} to hordespawn on day 150
[net.smileycorp.hordes.hordeevent.capability.HordeEvent@57b75a2]Can't spawn wave because max cap has been reached
[net.smileycorp.hordes.hordeevent.capability.HordeEvent@69158950]Trying to start horde event on day 160 with nextDay 160 and time 18621
Applying script hordes:default for event net.smileycorp.hordes.common.event.HordeBuildSpawnDataEvent@5311df3f
Adding entry HordeSpawnEntry[type=entity.minecraft.zombified_piglin,weight=10,minDay=40,maxDay=0] to hordespawn on day 140
Adding entry HordeSpawnEntry[type=entity.minecraft.husk,weight=25,minDay=50,maxDay=0] to hordespawn on day 140
Adding entry HordeSpawnEntry[type=entity.minecraft.zoglin,weight=3,minDay=50,maxDay=0]{{Passengers:[{HandItems:[{Count:1,id:"trident"}],id:"drowned"}],id:"minecraft:zoglin"}} to hordespawn on day 140
Adding entry HordeSpawnEntry[type=entity.minecraft.zombie_horse,weight=3,minDay=50,maxDay=0]{{AbsorptionAmount:0.0f,Age:0,ArmorDropChances:[0.085f,0.085f,0.085f,0.085f],ArmorItems:[{},{},{},{}],Attributes:[{Base:0.7287556028450819d,Name:"minecraft:horse.jump_strength"},{Base:35.0d,Modifiers:[{Amount:-0.087714116922811d,Name:"Random spawn bonus",Operation:1,UUID:[I;69849317,-783004400,-1843058658,-1527786402]}],Name:"minecraft:generic.follow_range"}],Brain:{memories:{}},Bred:0b,CanPickUpLoot:0b,CitadelData:{},ConversionTime:-1,DeathTime:0s,EatingHaystack:0b,FallFlying:0b,ForcedAge:0,HandDropChances:[0.085f,0.085f],HandItems:[{},{}],Health:15.0f,HurtByTimestamp:0,HurtTime:0s,InLove:0,LeftHanded:0b,Passengers:[{HandItems:[{Count:1,id:"trident"}],id:"drowned"}],PersistenceRequired:0b,Tame:0b,Temper:0,id:"minecraft:zombie_horse"}} to hordespawn on day 140
Adding entry HordeSpawnEntry[type=entity.minecraft.zombified_piglin,weight=10,minDay=40,maxDay=0] to hordespawn on day 160
Adding entry HordeSpawnEntry[type=entity.minecraft.husk,weight=25,minDay=50,maxDay=0] to hordespawn on day 160
Adding entry HordeSpawnEntry[type=entity.minecraft.zoglin,weight=3,minDay=50,maxDay=0]{{Passengers:[{HandItems:[{Count:1,id:"trident"}],id:"drowned"}],id:"minecraft:zoglin"}} to hordespawn on day 160
Adding entry HordeSpawnEntry[type=entity.minecraft.zombie_horse,weight=3,minDay=50,maxDay=0]{{AbsorptionAmount:0.0f,Age:0,ArmorDropChances:[0.085f,0.085f,0.085f,0.085f],ArmorItems:[{},{},{},{}],Attributes:[{Base:0.7287556028450819d,Name:"minecraft:horse.jump_strength"},{Base:35.0d,Modifiers:[{Amount:-0.087714116922811d,Name:"Random spawn bonus",Operation:1,UUID:[I;69849317,-783004400,-1843058658,-1527786402]}],Name:"minecraft:generic.follow_range"}],Brain:{memories:{}},Bred:0b,CanPickUpLoot:0b,CitadelData:{},ConversionTime:-1,DeathTime:0s,EatingHaystack:0b,FallFlying:0b,ForcedAge:0,HandDropChances:[0.085f,0.085f],HandItems:[{},{}],Health:15.0f,HurtByTimestamp:0,HurtTime:0s,InLove:0,LeftHanded:0b,Passengers:[{HandItems:[{Count:1,id:"trident"}],id:"drowned"}],PersistenceRequired:0b,Tame:0b,Temper:0,id:"minecraft:zombie_horse"}} to hordespawn on day 160
Adding entry HordeSpawnEntry[type=entity.minecraft.zombified_piglin,weight=10,minDay=40,maxDay=0] to hordespawn on day 160
Adding entry HordeSpawnEntry[type=entity.minecraft.husk,weight=25,minDay=50,maxDay=0] to hordespawn on day 160
Adding entry HordeSpawnEntry[type=entity.minecraft.zoglin,weight=3,minDay=50,maxDay=0]{{Passengers:[{HandItems:[{Count:1,id:"trident"}],id:"drowned"}],id:"minecraft:zoglin"}} to hordespawn on day 160
Adding entry HordeSpawnEntry[type=entity.minecraft.zombie_horse,weight=3,minDay=50,maxDay=0]{{AbsorptionAmount:0.0f,Age:0,ArmorDropChances:[0.085f,0.085f,0.085f,0.085f],ArmorItems:[{},{},{},{}],Attributes:[{Base:0.8844108763561034d,Name:"minecraft:horse.jump_strength"},{Base:35.0d,Modifiers:[{Amount:0.002059147832252478d,Name:"Random spawn bonus",Operation:1,UUID:[I;429845063,719539834,-1832115147,-391003328]}],Name:"minecraft:generic.follow_range"}],Brain:{memories:{}},Bred:0b,CanPickUpLoot:0b,CitadelData:{},ConversionTime:-1,DeathTime:0s,EatingHaystack:0b,FallFlying:0b,ForcedAge:0,HandDropChances:[0.085f,0.085f],HandItems:[{},{}],Health:15.0f,HurtByTimestamp:0,HurtTime:0s,InLove:0,LeftHanded:0b,Passengers:[{HandItems:[{Count:1,id:"trident"}],id:"drowned"}],PersistenceRequired:0b,Tame:0b,Temper:0,id:"minecraft:zombie_horse"}} to hordespawn on day 160
[net.smileycorp.hordes.hordeevent.capability.HordeEvent@69158950]Can't spawn wave because max cap has been reached
Adding entry HordeSpawnEntry[type=entity.minecraft.zombified_piglin,weight=10,minDay=40,maxDay=0] to hordespawn on day 160
Adding entry HordeSpawnEntry[type=entity.minecraft.husk,weight=25,minDay=50,maxDay=0] to hordespawn on day 160
Adding entry HordeSpawnEntry[type=entity.minecraft.zoglin,weight=3,minDay=50,maxDay=0]{{Passengers:[{HandItems:[{Count:1,id:"trident"}],id:"drowned"}],id:"minecraft:zoglin"}} to hordespawn on day 160
Adding entry HordeSpawnEntry[type=entity.minecraft.zombie_horse,weight=3,minDay=50,maxDay=0]{{AbsorptionAmount:0.0f,Age:0,ArmorDropChances:[0.085f,0.085f,0.085f,0.085f],ArmorItems:[{},{},{},{}],Attributes:[{Base:0.77937511215287d,Name:"minecraft:horse.jump_strength"},{Base:35.0d,Modifiers:[{Amount:-0.0035020121536443057d,Name:"Random spawn bonus",Operation:1,UUID:[I;835926722,-130857010,-1820446745,524252785]}],Name:"minecraft:generic.follow_range"}],Brain:{memories:{}},Bred:0b,CanPickUpLoot:0b,CitadelData:{},ConversionTime:-1,DeathTime:0s,EatingHaystack:0b,FallFlying:0b,ForcedAge:0,HandDropChances:[0.085f,0.085f],HandItems:[{},{}],Health:15.0f,HurtByTimestamp:0,HurtTime:0s,InLove:0,LeftHanded:0b,Passengers:[{HandItems:[{Count:1,id:"trident"}],id:"drowned"}],PersistenceRequired:0b,Tame:0b,Temper:0,id:"minecraft:zombie_horse"}} to hordespawn on day 160
Adding entry HordeSpawnEntry[type=entity.minecraft.zombified_piglin,weight=10,minDay=40,maxDay=0] to hordespawn on day 160
Adding entry HordeSpawnEntry[type=entity.minecraft.husk,weight=25,minDay=50,maxDay=0] to hordespawn on day 160
Adding entry HordeSpawnEntry[type=entity.minecraft.zoglin,weight=3,minDay=50,maxDay=0]{{Passengers:[{HandItems:[{Count:1,id:"trident"}],id:"drowned"}],id:"minecraft:zoglin"}} to hordespawn on day 160
Adding entry HordeSpawnEntry[type=entity.minecraft.zombie_horse,weight=3,minDay=50,maxDay=0]{{AbsorptionAmount:0.0f,Age:0,ArmorDropChances:[0.085f,0.085f,0.085f,0.085f],ArmorItems:[{},{},{},{}],Attributes:[{Base:0.7548855643284372d,Name:"minecraft:horse.jump_strength"},{Base:35.0d,Modifiers:[{Amount:0.013220477451885305d,Name:"Random spawn bonus",Operation:1,UUID:[I;2041956552,1532773044,-1253933131,-1439158694]}],Name:"minecraft:generic.follow_range"}],Brain:{memories:{}},Bred:0b,CanPickUpLoot:0b,CitadelData:{},ConversionTime:-1,DeathTime:0s,EatingHaystack:0b,FallFlying:0b,ForcedAge:0,HandDropChances:[0.085f,0.085f],HandItems:[{},{}],Health:15.0f,HurtByTimestamp:0,HurtTime:0s,InLove:0,LeftHanded:0b,Passengers:[{HandItems:[{Count:1,id:"trident"}],id:"drowned"}],PersistenceRequired:0b,Tame:0b,Temper:0,id:"minecraft:zombie_horse"}} to hordespawn on day 160
[net.smileycorp.hordes.hordeevent.capability.HordeEvent@69158950]Can't spawn wave because max cap has been reached
Adding entry HordeSpawnEntry[type=entity.minecraft.zombified_piglin,weight=10,minDay=40,maxDay=0] to hordespawn on day 160
Adding entry HordeSpawnEntry[type=entity.minecraft.husk,weight=25,minDay=50,maxDay=0] to hordespawn on day 160
Adding entry HordeSpawnEntry[type=entity.minecraft.zoglin,weight=3,minDay=50,maxDay=0]{{Passengers:[{HandItems:[{Count:1,id:"trident"}],id:"drowned"}],id:"minecraft:zoglin"}} to hordespawn on day 160
Adding entry HordeSpawnEntry[type=entity.minecraft.zombie_horse,weight=3,minDay=50,maxDay=0]{{AbsorptionAmount:0.0f,Age:0,ArmorDropChances:[0.085f,0.085f,0.085f,0.085f],ArmorItems:[{},{},{},{}],Attributes:[{Base:0.691967494815003d,Name:"minecraft:horse.jump_strength"},{Base:35.0d,Modifiers:[{Amount:-0.0361974268529658d,Name:"Random spawn bonus",Operation:1,UUID:[I;323410909,-1065661000,-1394972161,-1519119235]}],Name:"minecraft:generic.follow_range"}],Brain:{memories:{}},Bred:0b,CanPickUpLoot:0b,CitadelData:{},ConversionTime:-1,DeathTime:0s,EatingHaystack:0b,FallFlying:0b,ForcedAge:0,HandDropChances:[0.085f,0.085f],HandItems:[{},{}],Health:15.0f,HurtByTimestamp:0,HurtTime:0s,InLove:0,LeftHanded:0b,Passengers:[{HandItems:[{Count:1,id:"trident"}],id:"drowned"}],PersistenceRequired:0b,Tame:0b,Temper:0,id:"minecraft:zombie_horse"}} to hordespawn on day 160
Adding entry HordeSpawnEntry[type=entity.minecraft.zombified_piglin,weight=10,minDay=40,maxDay=0] to hordespawn on day 160
Adding entry HordeSpawnEntry[type=entity.minecraft.husk,weight=25,minDay=50,maxDay=0] to hordespawn on day 160
Adding entry HordeSpawnEntry[type=entity.minecraft.zoglin,weight=3,minDay=50,maxDay=0]{{Passengers:[{HandItems:[{Count:1,id:"trident"}],id:"drowned"}],id:"minecraft:zoglin"}} to hordespawn on day 160
Adding entry HordeSpawnEntry[type=entity.minecraft.zombie_horse,weight=3,minDay=50,maxDay=0]{{AbsorptionAmount:0.0f,Age:0,ArmorDropChances:[0.085f,0.085f,0.085f,0.085f],ArmorItems:[{},{},{},{}],Attributes:[{Base:0.8142639203350815d,Name:"minecraft:horse.jump_strength"},{Base:35.0d,Modifiers:[{Amount:-0.023346112294912416d,Name:"Random spawn bonus",Operation:1,UUID:[I;1541678927,-727431212,-1792506707,-2084270547]}],Name:"minecraft:generic.follow_range"}],Brain:{memories:{}},Bred:0b,CanPickUpLoot:0b,CitadelData:{},ConversionTime:-1,DeathTime:0s,EatingHaystack:0b,FallFlying:0b,ForcedAge:0,HandDropChances:[0.085f,0.085f],HandItems:[{},{}],Health:15.0f,HurtByTimestamp:0,HurtTime:0s,InLove:0,LeftHanded:0b,Passengers:[{HandItems:[{Count:1,id:"trident"}],id:"drowned"}],PersistenceRequired:0b,Tame:0b,Temper:0,id:"minecraft:zombie_horse"}} to hordespawn on day 160
[net.smileycorp.hordes.hordeevent.capability.HordeEvent@69158950]Can't spawn wave because max cap has been reached
[net.smileycorp.hordes.hordeevent.capability.HordeEvent@57b75a2]Trying to start horde event on day 160 with nextDay 160 and time 18690
Applying script hordes:default for event net.smileycorp.hordes.common.event.HordeBuildSpawnDataEvent@3262b6e6
Adding entry HordeSpawnEntry[type=entity.minecraft.zombified_piglin,weight=10,minDay=40,maxDay=0] to hordespawn on day 150
Adding entry HordeSpawnEntry[type=entity.minecraft.husk,weight=25,minDay=50,maxDay=0] to hordespawn on day 150
Adding entry HordeSpawnEntry[type=entity.minecraft.zoglin,weight=3,minDay=50,maxDay=0]{{Passengers:[{HandItems:[{Count:1,id:"trident"}],id:"drowned"}],id:"minecraft:zoglin"}} to hordespawn on day 150
Adding entry HordeSpawnEntry[type=entity.minecraft.zombie_horse,weight=3,minDay=50,maxDay=0]{{AbsorptionAmount:0.0f,Age:0,ArmorDropChances:[0.085f,0.085f,0.085f,0.085f],ArmorItems:[{},{},{},{}],Attributes:[{Base:0.6475423247249118d,Name:"minecraft:horse.jump_strength"},{Base:35.0d,Modifiers:[{Amount:0.01697166091559151d,Name:"Random spawn bonus",Operation:1,UUID:[I;-1866806271,-99004457,-2100668845,-1512459016]}],Name:"minecraft:generic.follow_range"}],Brain:{memories:{}},Bred:0b,CanPickUpLoot:0b,CitadelData:{},ConversionTime:-1,DeathTime:0s,EatingHaystack:0b,FallFlying:0b,ForcedAge:0,HandDropChances:[0.085f,0.085f],HandItems:[{},{}],Health:15.0f,HurtByTimestamp:0,HurtTime:0s,InLove:0,LeftHanded:0b,Passengers:[{HandItems:[{Count:1,id:"trident"}],id:"drowned"}],PersistenceRequired:0b,Tame:0b,Temper:0,id:"minecraft:zombie_horse"}} to hordespawn on day 150
Adding entry HordeSpawnEntry[type=entity.minecraft.zombified_piglin,weight=10,minDay=40,maxDay=0] to hordespawn on day 160
Adding entry HordeSpawnEntry[type=entity.minecraft.husk,weight=25,minDay=50,maxDay=0] to hordespawn on day 160
Adding entry HordeSpawnEntry[type=entity.minecraft.zoglin,weight=3,minDay=50,maxDay=0]{{Passengers:[{HandItems:[{Count:1,id:"trident"}],id:"drowned"}],id:"minecraft:zoglin"}} to hordespawn on day 160
Adding entry HordeSpawnEntry[type=entity.minecraft.zombie_horse,weight=3,minDay=50,maxDay=0]{{AbsorptionAmount:0.0f,Age:0,ArmorDropChances:[0.085f,0.085f,0.085f,0.085f],ArmorItems:[{},{},{},{}],Attributes:[{Base:0.6475423247249118d,Name:"minecraft:horse.jump_strength"},{Base:35.0d,Modifiers:[{Amount:0.01697166091559151d,Name:"Random spawn bonus",Operation:1,UUID:[I;-1866806271,-99004457,-2100668845,-1512459016]}],Name:"minecraft:generic.follow_range"}],Brain:{memories:{}},Bred:0b,CanPickUpLoot:0b,CitadelData:{},ConversionTime:-1,DeathTime:0s,EatingHaystack:0b,FallFlying:0b,ForcedAge:0,HandDropChances:[0.085f,0.085f],HandItems:[{},{}],Health:15.0f,HurtByTimestamp:0,HurtTime:0s,InLove:0,LeftHanded:0b,Passengers:[{HandItems:[{Count:1,id:"trident"}],id:"drowned"}],PersistenceRequired:0b,Tame:0b,Temper:0,id:"minecraft:zombie_horse"}} to hordespawn on day 160
Adding entry HordeSpawnEntry[type=entity.minecraft.zombified_piglin,weight=10,minDay=40,maxDay=0] to hordespawn on day 160
Adding entry HordeSpawnEntry[type=entity.minecraft.husk,weight=25,minDay=50,maxDay=0] to hordespawn on day 160
Adding entry HordeSpawnEntry[type=entity.minecraft.zoglin,weight=3,minDay=50,maxDay=0]{{Passengers:[{HandItems:[{Count:1,id:"trident"}],id:"drowned"}],id:"minecraft:zoglin"}} to hordespawn on day 160
Adding entry HordeSpawnEntry[type=entity.minecraft.zombie_horse,weight=3,minDay=50,maxDay=0]{{AbsorptionAmount:0.0f,Age:0,ArmorDropChances:[0.085f,0.085f,0.085f,0.085f],ArmorItems:[{},{},{},{}],Attributes:[{Base:0.43255076215147253d,Name:"minecraft:horse.jump_strength"},{Base:35.0d,Modifiers:[{Amount:0.027372469262805864d,Name:"Random spawn bonus",Operation:1,UUID:[I;638102126,-1834466767,-1094319729,905751005]}],Name:"minecraft:generic.follow_range"}],Brain:{memories:{}},Bred:0b,CanPickUpLoot:0b,CitadelData:{},ConversionTime:-1,DeathTime:0s,EatingHaystack:0b,FallFlying:0b,ForcedAge:0,HandDropChances:[0.085f,0.085f],HandItems:[{},{}],Health:15.0f,HurtByTimestamp:0,HurtTime:0s,InLove:0,LeftHanded:0b,Passengers:[{HandItems:[{Count:1,id:"trident"}],id:"drowned"}],PersistenceRequired:0b,Tame:0b,Temper:0,id:"minecraft:zombie_horse"}} to hordespawn on day 160
[net.smileycorp.hordes.hordeevent.capability.HordeEvent@57b75a2]Can't spawn wave because max cap has been reached
Adding entry HordeSpawnEntry[type=entity.minecraft.zombified_piglin,weight=10,minDay=40,maxDay=0] to hordespawn on day 160
Adding entry HordeSpawnEntry[type=entity.minecraft.husk,weight=25,minDay=50,maxDay=0] to hordespawn on day 160
Adding entry HordeSpawnEntry[type=entity.minecraft.zoglin,weight=3,minDay=50,maxDay=0]{{Passengers:[{HandItems:[{Count:1,id:"trident"}],id:"drowned"}],id:"minecraft:zoglin"}} to hordespawn on day 160
Adding entry HordeSpawnEntry[type=entity.minecraft.zombie_horse,weight=3,minDay=50,maxDay=0]{{AbsorptionAmount:0.0f,Age:0,ArmorDropChances:[0.085f,0.085f,0.085f,0.085f],ArmorItems:[{},{},{},{}],Attributes:[{Base:0.7100904062187271d,Name:"minecraft:horse.jump_strength"},{Base:35.0d,Modifiers:[{Amount:0.0321553888036612d,Name:"Random spawn bonus",Operation:1,UUID:[I;880425036,-688697705,-1113963515,-462209615]}],Name:"minecraft:generic.follow_range"}],Brain:{memories:{}},Bred:0b,CanPickUpLoot:0b,CitadelData:{},ConversionTime:-1,DeathTime:0s,EatingHaystack:0b,FallFlying:0b,ForcedAge:0,HandDropChances:[0.085f,0.085f],HandItems:[{},{}],Health:15.0f,HurtByTimestamp:0,HurtTime:0s,InLove:0,LeftHanded:0b,Passengers:[{HandItems:[{Count:1,id:"trident"}],id:"drowned"}],PersistenceRequired:0b,Tame:0b,Temper:0,id:"minecraft:zombie_horse"}} to hordespawn on day 160
[net.smileycorp.hordes.hordeevent.capability.HordeEvent@57b75a2]Can't spawn wave because max cap has been reached
Adding entry HordeSpawnEntry[type=entity.minecraft.zombified_piglin,weight=10,minDay=40,maxDay=0] to hordespawn on day 160
Adding entry HordeSpawnEntry[type=entity.minecraft.husk,weight=25,minDay=50,maxDay=0] to hordespawn on day 160
Adding entry HordeSpawnEntry[type=entity.minecraft.zoglin,weight=3,minDay=50,maxDay=0]{{Passengers:[{HandItems:[{Count:1,id:"trident"}],id:"drowned"}],id:"minecraft:zoglin"}} to hordespawn on day 160
Adding entry HordeSpawnEntry[type=entity.minecraft.zombie_horse,weight=3,minDay=50,maxDay=0]{{AbsorptionAmount:0.0f,Age:0,ArmorDropChances:[0.085f,0.085f,0.085f,0.085f],ArmorItems:[{},{},{},{}],Attributes:[{Base:0.7100904062187271d,Name:"minecraft:horse.jump_strength"},{Base:35.0d,Modifiers:[{Amount:0.0321553888036612d,Name:"Random spawn bonus",Operation:1,UUID:[I;880425036,-688697705,-1113963515,-462209615]}],Name:"minecraft:generic.follow_range"}],Brain:{memories:{}},Bred:0b,CanPickUpLoot:0b,CitadelData:{},ConversionTime:-1,DeathTime:0s,EatingHaystack:0b,FallFlying:0b,ForcedAge:0,HandDropChances:[0.085f,0.085f],HandItems:[{},{}],Health:15.0f,HurtByTimestamp:0,HurtTime:0s,InLove:0,LeftHanded:0b,Passengers:[{HandItems:[{Count:1,id:"trident"}],id:"drowned"}],PersistenceRequired:0b,Tame:0b,Temper:0,id:"minecraft:zombie_horse"}} to hordespawn on day 160
[net.smileycorp.hordes.hordeevent.capability.HordeEvent@57b75a2]Can't spawn wave because max cap has been reached
Adding entry HordeSpawnEntry[type=entity.minecraft.zombified_piglin,weight=10,minDay=40,maxDay=0] to hordespawn on day 160
Adding entry HordeSpawnEntry[type=entity.minecraft.husk,weight=25,minDay=50,maxDay=0] to hordespawn on day 160
Adding entry HordeSpawnEntry[type=entity.minecraft.zoglin,weight=3,minDay=50,maxDay=0]{{Passengers:[{HandItems:[{Count:1,id:"trident"}],id:"drowned"}],id:"minecraft:zoglin"}} to hordespawn on day 160
Adding entry HordeSpawnEntry[type=entity.minecraft.zombie_horse,weight=3,minDay=50,maxDay=0]{{AbsorptionAmount:0.0f,Age:0,ArmorDropChances:[0.085f,0.085f,0.085f,0.085f],ArmorItems:[{},{},{},{}],Attributes:[{Base:0.7100904062187271d,Name:"minecraft:horse.jump_strength"},{Base:35.0d,Modifiers:[{Amount:0.0321553888036612d,Name:"Random spawn bonus",Operation:1,UUID:[I;880425036,-688697705,-1113963515,-462209615]}],Name:"minecraft:generic.follow_range"}],Brain:{memories:{}},Bred:0b,CanPickUpLoot:0b,CitadelData:{},ConversionTime:-1,DeathTime:0s,EatingHaystack:0b,FallFlying:0b,ForcedAge:0,HandDropChances:[0.085f,0.085f],HandItems:[{},{}],Health:15.0f,HurtByTimestamp:0,HurtTime:0s,InLove:0,LeftHanded:0b,Passengers:[{HandItems:[{Count:1,id:"trident"}],id:"drowned"}],PersistenceRequired:0b,Tame:0b,Temper:0,id:"minecraft:zombie_horse"}} to hordespawn on day 160
[net.smileycorp.hordes.hordeevent.capability.HordeEvent@57b75a2]Can't spawn wave because max cap has been reached
Adding entry HordeSpawnEntry[type=entity.minecraft.zombified_piglin,weight=10,minDay=40,maxDay=0] to hordespawn on day 160
Adding entry HordeSpawnEntry[type=entity.minecraft.husk,weight=25,minDay=50,maxDay=0] to hordespawn on day 160
Adding entry HordeSpawnEntry[type=entity.minecraft.zoglin,weight=3,minDay=50,maxDay=0]{{Passengers:[{HandItems:[{Count:1,id:"trident"}],id:"drowned"}],id:"minecraft:zoglin"}} to hordespawn on day 160
Adding entry HordeSpawnEntry[type=entity.minecraft.zombie_horse,weight=3,minDay=50,maxDay=0]{{AbsorptionAmount:0.0f,Age:0,ArmorDropChances:[0.085f,0.085f,0.085f,0.085f],ArmorItems:[{},{},{},{}],Attributes:[{Base:0.7100904062187271d,Name:"minecraft:horse.jump_strength"},{Base:35.0d,Modifiers:[{Amount:0.0321553888036612d,Name:"Random spawn bonus",Operation:1,UUID:[I;880425036,-688697705,-1113963515,-462209615]}],Name:"minecraft:generic.follow_range"}],Brain:{memories:{}},Bred:0b,CanPickUpLoot:0b,CitadelData:{},ConversionTime:-1,DeathTime:0s,EatingHaystack:0b,FallFlying:0b,ForcedAge:0,HandDropChances:[0.085f,0.085f],HandItems:[{},{}],Health:15.0f,HurtByTimestamp:0,HurtTime:0s,InLove:0,LeftHanded:0b,Passengers:[{HandItems:[{Count:1,id:"trident"}],id:"drowned"}],PersistenceRequired:0b,Tame:0b,Temper:0,id:"minecraft:zombie_horse"}} to hordespawn on day 160
[net.smileycorp.hordes.hordeevent.capability.HordeEvent@57b75a2]Can't spawn wave because max cap has been reached
[net.smileycorp.hordes.hordeevent.capability.HordeEvent@69158950]Trying to start horde event on day 170 with nextDay 170 and time 18000
Applying script hordes:default for event net.smileycorp.hordes.common.event.HordeBuildSpawnDataEvent@47872db2
Adding entry HordeSpawnEntry[type=entity.minecraft.zombified_piglin,weight=10,minDay=40,maxDay=0] to hordespawn on day 160
Adding entry HordeSpawnEntry[type=entity.minecraft.husk,weight=25,minDay=50,maxDay=0] to hordespawn on day 160
Adding entry HordeSpawnEntry[type=entity.minecraft.zoglin,weight=3,minDay=50,maxDay=0]{{Passengers:[{HandItems:[{Count:1,id:"trident"}],id:"drowned"}],id:"minecraft:zoglin"}} to hordespawn on day 160
Adding entry HordeSpawnEntry[type=entity.minecraft.zombie_horse,weight=3,minDay=50,maxDay=0]{{AbsorptionAmount:0.0f,Age:0,ArmorDropChances:[0.085f,0.085f,0.085f,0.085f],ArmorItems:[{},{},{},{}],Attributes:[{Base:0.7100904062187271d,Name:"minecraft:horse.jump_strength"},{Base:35.0d,Modifiers:[{Amount:0.0321553888036612d,Name:"Random spawn bonus",Operation:1,UUID:[I;880425036,-688697705,-1113963515,-462209615]}],Name:"minecraft:generic.follow_range"}],Brain:{memories:{}},Bred:0b,CanPickUpLoot:0b,CitadelData:{},ConversionTime:-1,DeathTime:0s,EatingHaystack:0b,FallFlying:0b,ForcedAge:0,HandDropChances:[0.085f,0.085f],HandItems:[{},{}],Health:15.0f,HurtByTimestamp:0,HurtTime:0s,InLove:0,LeftHanded:0b,Passengers:[{HandItems:[{Count:1,id:"trident"}],id:"drowned"}],PersistenceRequired:0b,Tame:0b,Temper:0,id:"minecraft:zombie_horse"}} to hordespawn on day 160
Adding entry HordeSpawnEntry[type=entity.minecraft.zombified_piglin,weight=10,minDay=40,maxDay=0] to hordespawn on day 170
Adding entry HordeSpawnEntry[type=entity.minecraft.husk,weight=25,minDay=50,maxDay=0] to hordespawn on day 170
Adding entry HordeSpawnEntry[type=entity.minecraft.zoglin,weight=3,minDay=50,maxDay=0]{{Passengers:[{HandItems:[{Count:1,id:"trident"}],id:"drowned"}],id:"minecraft:zoglin"}} to hordespawn on day 170
Adding entry HordeSpawnEntry[type=entity.minecraft.zombie_horse,weight=3,minDay=50,maxDay=0]{{AbsorptionAmount:0.0f,Age:0,ArmorDropChances:[0.085f,0.085f,0.085f,0.085f],ArmorItems:[{},{},{},{}],Attributes:[{Base:0.7100904062187271d,Name:"minecraft:horse.jump_strength"},{Base:35.0d,Modifiers:[{Amount:0.0321553888036612d,Name:"Random spawn bonus",Operation:1,UUID:[I;880425036,-688697705,-1113963515,-462209615]}],Name:"minecraft:generic.follow_range"}],Brain:{memories:{}},Bred:0b,CanPickUpLoot:0b,CitadelData:{},ConversionTime:-1,DeathTime:0s,EatingHaystack:0b,FallFlying:0b,ForcedAge:0,HandDropChances:[0.085f,0.085f],HandItems:[{},{}],Health:15.0f,HurtByTimestamp:0,HurtTime:0s,InLove:0,LeftHanded:0b,Passengers:[{HandItems:[{Count:1,id:"trident"}],id:"drowned"}],PersistenceRequired:0b,Tame:0b,Temper:0,id:"minecraft:zombie_horse"}} to hordespawn on day 170
Adding entry HordeSpawnEntry[type=entity.minecraft.zombified_piglin,weight=10,minDay=40,maxDay=0] to hordespawn on day 170
Adding entry HordeSpawnEntry[type=entity.minecraft.husk,weight=25,minDay=50,maxDay=0] to hordespawn on day 170
Adding entry HordeSpawnEntry[type=entity.minecraft.zoglin,weight=3,minDay=50,maxDay=0]{{Passengers:[{HandItems:[{Count:1,id:"trident"}],id:"drowned"}],id:"minecraft:zoglin"}} to hordespawn on day 170
Adding entry HordeSpawnEntry[type=entity.minecraft.zombie_horse,weight=3,minDay=50,maxDay=0]{{AbsorptionAmount:0.0f,Age:0,ArmorDropChances:[0.085f,0.085f,0.085f,0.085f],ArmorItems:[{},{},{},{}],Attributes:[{Base:0.6790182256854194d,Name:"minecraft:horse.jump_strength"},{Base:35.0d,Modifiers:[{Amount:0.010433951198517668d,Name:"Random spawn bonus",Operation:1,UUID:[I;-17036033,2098286250,-1614215349,-1317786607]}],Name:"minecraft:generic.follow_range"}],Brain:{memories:{}},Bred:0b,CanPickUpLoot:0b,CitadelData:{},ConversionTime:-1,DeathTime:0s,EatingHaystack:0b,FallFlying:0b,ForcedAge:0,HandDropChances:[0.085f,0.085f],HandItems:[{},{}],Health:15.0f,HurtByTimestamp:0,HurtTime:0s,InLove:0,LeftHanded:0b,Passengers:[{HandItems:[{Count:1,id:"trident"}],id:"drowned"}],PersistenceRequired:0b,Tame:0b,Temper:0,id:"minecraft:zombie_horse"}} to hordespawn on day 170
Adding entry HordeSpawnEntry[type=entity.minecraft.zombified_piglin,weight=10,minDay=40,maxDay=0] to hordespawn on day 170
Adding entry HordeSpawnEntry[type=entity.minecraft.husk,weight=25,minDay=50,maxDay=0] to hordespawn on day 170
Adding entry HordeSpawnEntry[type=entity.minecraft.zoglin,weight=3,minDay=50,maxDay=0]{{Passengers:[{HandItems:[{Count:1,id:"trident"}],id:"drowned"}],id:"minecraft:zoglin"}} to hordespawn on day 170
Adding entry HordeSpawnEntry[type=entity.minecraft.zombie_horse,weight=3,minDay=50,maxDay=0]{{AbsorptionAmount:0.0f,Age:0,ArmorDropChances:[0.085f,0.085f,0.085f,0.085f],ArmorItems:[{},{},{},{}],Attributes:[{Base:0.5773101378565734d,Name:"minecraft:horse.jump_strength"},{Base:35.0d,Modifiers:[{Amount:0.04327594671676588d,Name:"Random spawn bonus",Operation:1,UUID:[I;-844232150,-75871915,-1589343724,-949987847]}],Name:"minecraft:generic.follow_range"}],Brain:{memories:{}},Bred:0b,CanPickUpLoot:0b,CitadelData:{},ConversionTime:-1,DeathTime:0s,EatingHaystack:0b,FallFlying:0b,ForcedAge:0,HandDropChances:[0.085f,0.085f],HandItems:[{},{}],Health:15.0f,HurtByTimestamp:0,HurtTime:0s,InLove:0,LeftHanded:0b,Passengers:[{HandItems:[{Count:1,id:"trident"}],id:"drowned"}],PersistenceRequired:0b,Tame:0b,Temper:0,id:"minecraft:zombie_horse"}} to hordespawn on day 170
[net.smileycorp.hordes.hordeevent.capability.HordeEvent@69158950]Can't spawn wave because max cap has been reached
Adding entry HordeSpawnEntry[type=entity.minecraft.zombified_piglin,weight=10,minDay=40,maxDay=0] to hordespawn on day 170
Adding entry HordeSpawnEntry[type=entity.minecraft.husk,weight=25,minDay=50,maxDay=0] to hordespawn on day 170
Adding entry HordeSpawnEntry[type=entity.minecraft.zoglin,weight=3,minDay=50,maxDay=0]{{Passengers:[{HandItems:[{Count:1,id:"trident"}],id:"drowned"}],id:"minecraft:zoglin"}} to hordespawn on day 170
Adding entry HordeSpawnEntry[type=entity.minecraft.zombie_horse,weight=3,minDay=50,maxDay=0]{{AbsorptionAmount:0.0f,Age:0,ArmorDropChances:[0.085f,0.085f,0.085f,0.085f],ArmorItems:[{},{},{},{}],Attributes:[{Base:0.6418378182542106d,Name:"minecraft:horse.jump_strength"},{Base:35.0d,Modifiers:[{Amount:-0.059371407928795694d,Name:"Random spawn bonus",Operation:1,UUID:[I;-654084740,-449098691,-1220301722,-704515384]}],Name:"minecraft:generic.follow_range"}],Brain:{memories:{}},Bred:0b,CanPickUpLoot:0b,CitadelData:{},ConversionTime:-1,DeathTime:0s,EatingHaystack:0b,FallFlying:0b,ForcedAge:0,HandDropChances:[0.085f,0.085f],HandItems:[{},{}],Health:15.0f,HurtByTimestamp:0,HurtTime:0s,InLove:0,LeftHanded:0b,Passengers:[{HandItems:[{Count:1,id:"trident"}],id:"drowned"}],PersistenceRequired:0b,Tame:0b,Temper:0,id:"minecraft:zombie_horse"}} to hordespawn on day 170
[net.smileycorp.hordes.hordeevent.capability.HordeEvent@69158950]Can't spawn wave because max cap has been reached
Adding entry HordeSpawnEntry[type=entity.minecraft.zombified_piglin,weight=10,minDay=40,maxDay=0] to hordespawn on day 170
Adding entry HordeSpawnEntry[type=entity.minecraft.husk,weight=25,minDay=50,maxDay=0] to hordespawn on day 170
Adding entry HordeSpawnEntry[type=entity.minecraft.zoglin,weight=3,minDay=50,maxDay=0]{{Passengers:[{HandItems:[{Count:1,id:"trident"}],id:"drowned"}],id:"minecraft:zoglin"}} to hordespawn on day 170
Adding entry HordeSpawnEntry[type=entity.minecraft.zombie_horse,weight=3,minDay=50,maxDay=0]{{AbsorptionAmount:0.0f,Age:0,ArmorDropChances:[0.085f,0.085f,0.085f,0.085f],ArmorItems:[{},{},{},{}],Attributes:[{Base:0.5644650244958727d,Name:"minecraft:horse.jump_strength"},{Base:35.0d,Modifiers:[{Amount:-0.03280995076662951d,Name:"Random spawn bonus",Operation:1,UUID:[I;-453644640,1093027654,-1293351951,-1072549602]}],Name:"minecraft:generic.follow_range"}],Brain:{memories:{}},Bred:0b,CanPickUpLoot:0b,CitadelData:{},ConversionTime:-1,DeathTime:0s,EatingHaystack:0b,FallFlying:0b,ForcedAge:0,HandDropChances:[0.085f,0.085f],HandItems:[{},{}],Health:15.0f,HurtByTimestamp:0,HurtTime:0s,InLove:0,LeftHanded:1b,Passengers:[{HandItems:[{Count:1,id:"trident"}],id:"drowned"}],PersistenceRequired:0b,Tame:0b,Temper:0,id:"minecraft:zombie_horse"}} to hordespawn on day 170
[net.smileycorp.hordes.hordeevent.capability.HordeEvent@69158950]Can't spawn wave because max cap has been reached
Adding entry HordeSpawnEntry[type=entity.minecraft.zombified_piglin,weight=10,minDay=40,maxDay=0] to hordespawn on day 170
Adding entry HordeSpawnEntry[type=entity.minecraft.husk,weight=25,minDay=50,maxDay=0] to hordespawn on day 170
Adding entry HordeSpawnEntry[type=entity.minecraft.zoglin,weight=3,minDay=50,maxDay=0]{{Passengers:[{HandItems:[{Count:1,id:"trident"}],id:"drowned"}],id:"minecraft:zoglin"}} to hordespawn on day 170
Adding entry HordeSpawnEntry[type=entity.minecraft.zombie_horse,weight=3,minDay=50,maxDay=0]{{AbsorptionAmount:0.0f,Age:0,ArmorDropChances:[0.085f,0.085f,0.085f,0.085f],ArmorItems:[{},{},{},{}],Attributes:[{Base:0.6771524089702825d,Name:"minecraft:horse.jump_strength"},{Base:35.0d,Modifiers:[{Amount:-0.048052303198992306d,Name:"Random spawn bonus",Operation:1,UUID:[I;-616280433,-84916143,-1943852839,467285738]}],Name:"minecraft:generic.follow_range"}],Brain:{memories:{}},Bred:0b,CanPickUpLoot:0b,CitadelData:{},ConversionTime:-1,DeathTime:0s,EatingHaystack:0b,FallFlying:0b,ForcedAge:0,HandDropChances:[0.085f,0.085f],HandItems:[{},{}],Health:15.0f,HurtByTimestamp:0,HurtTime:0s,InLove:0,LeftHanded:1b,Passengers:[{HandItems:[{Count:1,id:"trident"}],id:"drowned"}],PersistenceRequired:0b,Tame:0b,Temper:0,id:"minecraft:zombie_horse"}} to hordespawn on day 170
[net.smileycorp.hordes.hordeevent.capability.HordeEvent@69158950]Can't spawn wave because max cap has been reached
