[06Dec2024 00:08:31.000] [Server thread/INFO] [net.minecraft.server.MinecraftServer/]: Unknown or incomplete command, see below for error
[06Dec2024 00:08:31.096] [Server thread/INFO] [net.minecraft.server.MinecraftServer/]: a<--[HERE]
[06Dec2024 03:28:09.400] [Server thread/INFO] [net.minecraft.server.MinecraftServer/]: Unknown or incomplete command, see below for error
[06Dec2024 03:28:09.508] [Server thread/INFO] [net.minecraft.server.MinecraftServer/]: a\<--[HERE]
[06Dec2024 03:38:24.102] [Server thread/INFO] [net.minecraft.server.MinecraftServer/]: Stopping the server
[06Dec2024 03:38:24.202] [Server thread/INFO] [net.minecraft.server.MinecraftServer/]: Stopping server
[06Dec2024 03:38:24.207] [Server thread/INFO] [net.minecraft.server.MinecraftServer/]: Saving players
[06Dec2024 03:38:24.207] [Server thread/INFO] [net.minecraft.server.MinecraftServer/]: Saving worlds
[06Dec2024 03:38:24.578] [Server thread/INFO] [net.minecraft.server.MinecraftServer/]: Saving chunks for level 'ServerLevel[world]'/minecraft:overworld
[06Dec2024 03:38:24.602] [Server thread/INFO] [net.minecraft.server.MinecraftServer/]: Saving chunks for level 'ServerLevel[world]'/lostcities:lostcity
[06Dec2024 03:38:24.605] [Server thread/INFO] [net.minecraft.server.MinecraftServer/]: Saving chunks for level 'ServerLevel[world]'/minecraft:the_nether
[06Dec2024 03:38:24.608] [Server thread/INFO] [net.minecraft.server.MinecraftServer/]: Saving chunks for level 'ServerLevel[world]'/graveyard:past
[06Dec2024 03:38:24.610] [Server thread/INFO] [net.minecraft.server.MinecraftServer/]: Saving chunks for level 'ServerLevel[world]'/minecraft:the_end
[06Dec2024 03:38:24.895] [Server thread/INFO] [net.minecraft.server.MinecraftServer/]: ThreadedAnvilChunkStorage (world): All chunks are saved
[06Dec2024 03:38:24.900] [Server thread/INFO] [net.minecraft.server.MinecraftServer/]: ThreadedAnvilChunkStorage (lostcity): All chunks are saved
[06Dec2024 03:38:24.902] [Server thread/INFO] [net.minecraft.server.MinecraftServer/]: ThreadedAnvilChunkStorage (DIM-1): All chunks are saved
[06Dec2024 03:38:24.911] [Server thread/INFO] [net.minecraft.server.MinecraftServer/]: ThreadedAnvilChunkStorage (past): All chunks are saved
[06Dec2024 03:38:24.912] [Server thread/INFO] [net.minecraft.server.MinecraftServer/]: ThreadedAnvilChunkStorage (DIM1): All chunks are saved
[06Dec2024 03:38:24.913] [Server thread/INFO] [net.minecraft.server.MinecraftServer/]: ThreadedAnvilChunkStorage: All dimensions are saved
[06Dec2024 03:38:25.727] [Server thread/INFO] [journeymap/]: Loading JourneyMap Forge Configs
